#
# There is insufficient memory for the Java Runtime Environment to continue.
# Native memory allocation (malloc) failed to allocate 2509328 bytes. Error detail: Chunk::new
# Possible reasons:
#   The system is out of physical RAM or swap space
#   This process is running with CompressedOops enabled, and the Java Heap may be blocking the growth of the native heap
# Possible solutions:
#   Reduce memory load on the system
#   Increase physical memory or swap space
#   Check if swap backing store is full
#   Decrease Java heap size (-Xmx/-Xms)
#   Decrease number of Java threads
#   Decrease Java thread stack sizes (-Xss)
#   Set larger code cache with -XX:ReservedCodeCacheSize=
#   JVM is running with Zero Based Compressed Oops mode in which the Java heap is
#     placed in the first 32GB address space. The Java Heap base address is the
#     maximum limit for the native heap growth. Please use -XX:HeapBaseMinAddress
#     to set the Java Heap base and to place the Java Heap above 32GB virtual address.
# This output file may be truncated or incomplete.
#
#  Out of Memory Error (arena.cpp:162), pid=18404, tid=1468
#
# JRE version: Java(TM) SE Runtime Environment (24.0.2+12) (build 24.0.2+12-54)
# Java VM: Java HotSpot(TM) 64-Bit Server VM (24.0.2+12-54, mixed mode, sharing, tiered, compressed oops, compressed class ptrs, g1 gc, windows-amd64)
# No core dump will be written. Minidumps are not enabled by default on client versions of Windows
#

---------------  S U M M A R Y ------------

Command Line: -javaagent:C:\Users\TRINH\AppData\Local\JetBrains\IdeaIC2025.1\captureAgent\debugger-agent.jar=file:///C:/Users/TRINH/AppData/Local/Temp/capture14980761872164226246.props -ea -Dallure.results.directory=target/allure-results -javaagent:C:\Users\TRINH\.m2\repository/org/aspectj/aspectjweaver/1.9.24/aspectjweaver-1.9.24.jar -Didea.test.cyclic.buffer.size=1048576 -javaagent:C:\Program Files\JetBrains\IntelliJ IDEA Community Edition 2025.1\lib\idea_rt.jar=53964 -Dkotlinx.coroutines.debug.enable.creation.stack.trace=false -Ddebugger.agent.enable.coroutines=true -Dkotlinx.coroutines.debug.enable.flows.stack.trace=true -Dkotlinx.coroutines.debug.enable.mutable.state.flows.stack.trace=true -Dfile.encoding=UTF-8 -Dsun.stdout.encoding=UTF-8 -Dsun.stderr.encoding=UTF-8 com.intellij.rt.testng.RemoteTestNGStarter -usedefaultlisteners false -socket53963 @w@C:\Users\TRINH\AppData\Local\Temp\idea_working_dirs_testng.tmp -temp C:\Users\TRINH\AppData\Local\Temp\idea_testng.tmp

Host: 11th Gen Intel(R) Core(TM) i7-1165G7 @ 2.80GHz, 8 cores, 23G,  Windows 11 , 64 bit Build 26100 (10.0.26100.4768)
Time: Sat Aug 30 11:53:28 2025 SE Asia Standard Time elapsed time: 4.836672 seconds (0d 0h 0m 4s)

---------------  T H R E A D  ---------------

Current thread (0x00000279c354e2e0):  JavaThread "C2 CompilerThread0" daemon [_thread_in_native, id=1468, stack(0x0000009d34000000,0x0000009d34100000) (1024K)]


Current CompileTask:
C2:4836 3924       4       org.aspectj.apache.bcel.generic.ObjectType::toSignature (38 bytes)

Stack: [0x0000009d34000000,0x0000009d34100000]
Native frames: (J=compiled Java code, j=interpreted, Vv=VM code, C=native code)
V  [jvm.dll+0x730829]  (no source info available)
V  [jvm.dll+0x8d9da3]  (no source info available)
V  [jvm.dll+0x8dc28d]  (no source info available)
V  [jvm.dll+0x8dc903]  (no source info available)
V  [jvm.dll+0x2a9f56]  (no source info available)
V  [jvm.dll+0xced7f]  (no source info available)
V  [jvm.dll+0xcefdf]  (no source info available)
V  [jvm.dll+0x154c83]  (no source info available)
V  [jvm.dll+0x73604f]  (no source info available)
V  [jvm.dll+0x26f8dc]  (no source info available)
V  [jvm.dll+0x26e8ff]  (no source info available)
V  [jvm.dll+0x1e9c90]  (no source info available)
V  [jvm.dll+0x27e0cb]  (no source info available)
V  [jvm.dll+0x27c36a]  (no source info available)
V  [jvm.dll+0x42f396]  (no source info available)
V  [jvm.dll+0x87d9eb]  (no source info available)
V  [jvm.dll+0x72ef45]  (no source info available)
C  [ucrtbase.dll+0x37b0]  (no source info available)
C  [KERNEL32.DLL+0x2e8d7]  (no source info available)
C  [ntdll.dll+0x3c34c]  (no source info available)

Lock stack of current Java thread (top to bottom):


---------------  P R O C E S S  ---------------

Threads class SMR info:
_java_thread_list=0x0000027a0bd8e310, length=31, elements={
0x00000279a172d930, 0x00000279c3542cd0, 0x00000279c3543610, 0x00000279c3549660,
0x00000279c354b550, 0x00000279c354c080, 0x00000279c354d350, 0x00000279c354e2e0,
0x00000279c3555750, 0x00000279c3765710, 0x00000279c37f9b00, 0x0000027a0a515a00,
0x0000027a0a176420, 0x0000027a0a7474a0, 0x0000027a0c2da3d0, 0x0000027a0c2d8de0,
0x0000027a0c2dc860, 0x0000027a0c2dab20, 0x0000027a0c2d9530, 0x0000027a0c2db270,
0x0000027a0c2d9c80, 0x0000027a0c2dd700, 0x0000027a0c2de5a0, 0x0000027a0c2dde50,
0x0000027a0c2decf0, 0x0000027a0c2db9c0, 0x0000027a0d47bd40, 0x0000027a0d47aea0,
0x0000027a0d478a10, 0x0000027a0d47b5f0, 0x0000027a0dcd2560
}

Java Threads: ( => current thread )
  0x00000279a172d930 JavaThread "main"                              [_thread_in_Java, id=10768, stack(0x0000009d33200000,0x0000009d33300000) (1024K)]
  0x00000279c3542cd0 JavaThread "Reference Handler"          daemon [_thread_blocked, id=23804, stack(0x0000009d33a00000,0x0000009d33b00000) (1024K)]
  0x00000279c3543610 JavaThread "Finalizer"                  daemon [_thread_blocked, id=21104, stack(0x0000009d33b00000,0x0000009d33c00000) (1024K)]
  0x00000279c3549660 JavaThread "Signal Dispatcher"          daemon [_thread_blocked, id=10400, stack(0x0000009d33c00000,0x0000009d33d00000) (1024K)]
  0x00000279c354b550 JavaThread "Attach Listener"            daemon [_thread_blocked, id=15388, stack(0x0000009d33d00000,0x0000009d33e00000) (1024K)]
  0x00000279c354c080 JavaThread "Service Thread"             daemon [_thread_blocked, id=20184, stack(0x0000009d33e00000,0x0000009d33f00000) (1024K)]
  0x00000279c354d350 JavaThread "Monitor Deflation Thread"   daemon [_thread_blocked, id=15552, stack(0x0000009d33f00000,0x0000009d34000000) (1024K)]
=>0x00000279c354e2e0 JavaThread "C2 CompilerThread0"         daemon [_thread_in_native, id=1468, stack(0x0000009d34000000,0x0000009d34100000) (1024K)]
  0x00000279c3555750 JavaThread "C1 CompilerThread0"         daemon [_thread_blocked, id=10868, stack(0x0000009d34100000,0x0000009d34200000) (1024K)]
  0x00000279c3765710 JavaThread "Common-Cleaner"             daemon [_thread_blocked, id=22588, stack(0x0000009d34300000,0x0000009d34400000) (1024K)]
  0x00000279c37f9b00 JavaThread "IntelliJ Suspend Helper"    daemon [_thread_blocked, id=6432, stack(0x0000009d34400000,0x0000009d34500000) (1024K)]
  0x0000027a0a515a00 JavaThread "Monitor Ctrl-Break"         daemon [_thread_in_native, id=12540, stack(0x0000009d34500000,0x0000009d34600000) (1024K)]
  0x0000027a0a176420 JavaThread "Notification Thread"        daemon [_thread_blocked, id=2656, stack(0x0000009d34600000,0x0000009d34700000) (1024K)]
  0x0000027a0a7474a0 JavaThread "ForkJoinPool.commonPool-worker-1" daemon [_thread_blocked, id=16656, stack(0x0000009d34f00000,0x0000009d35000000) (1024K)]
  0x0000027a0c2da3d0 JavaThread "HttpClient-1-SelectorManager" daemon [_thread_in_native, id=10552, stack(0x0000009d35100000,0x0000009d35200000) (1024K)]
  0x0000027a0c2d8de0 JavaThread "External Process Output Forwarder - C:\Users\TRINH\.cache\selenium\chromedriver\win64\139.0.7258.154\chromedriver.exe" daemon [_thread_in_native, id=12804, stack(0x0000009d35200000,0x0000009d35300000) (1024K)]
  0x0000027a0c2dc860 JavaThread "Driver Service Executor"    daemon [_thread_blocked, id=15928, stack(0x0000009d35300000,0x0000009d35400000) (1024K)]
  0x0000027a0c2dab20 JavaThread "Driver Service Executor"    daemon [_thread_in_native, id=23340, stack(0x0000009d35400000,0x0000009d35500000) (1024K)]
  0x0000027a0c2d9530 JavaThread "UrlChecker-2"               daemon [_thread_blocked, id=16608, stack(0x0000009d35500000,0x0000009d35600000) (1024K)]
  0x0000027a0c2db270 JavaThread "Keep-Alive-Timer"           daemon [_thread_blocked, id=12884, stack(0x0000009d35700000,0x0000009d35800000) (1024K)]
  0x0000027a0c2d9c80 JavaThread "JdkHttpClient-0-0"          daemon [_thread_blocked, id=16092, stack(0x0000009d35800000,0x0000009d35900000) (1024K)]
  0x0000027a0c2dd700 JavaThread "CompletableFutureDelayScheduler" daemon [_thread_blocked, id=12152, stack(0x0000009d35900000,0x0000009d35a00000) (1024K)]
  0x0000027a0c2de5a0 JavaThread "JdkHttpClient-0-1"          daemon [_thread_blocked, id=17416, stack(0x0000009d35a00000,0x0000009d35b00000) (1024K)]
  0x0000027a0c2dde50 JavaThread "JdkHttpClient-0-2"          daemon [_thread_blocked, id=2468, stack(0x0000009d35b00000,0x0000009d35c00000) (1024K)]
  0x0000027a0c2decf0 JavaThread "JdkHttpClient-0-3"          daemon [_thread_blocked, id=23556, stack(0x0000009d35c00000,0x0000009d35d00000) (1024K)]
  0x0000027a0c2db9c0 JavaThread "HttpClient-2-SelectorManager" daemon [_thread_in_native, id=15532, stack(0x0000009d34200000,0x0000009d34300000) (1024K)]
  0x0000027a0d47bd40 JavaThread "JdkHttpClient-1-0"          daemon [_thread_blocked, id=12556, stack(0x0000009d34700000,0x0000009d34800000) (1024K)]
  0x0000027a0d47aea0 JavaThread "JdkHttpClient-1-1"          daemon [_thread_blocked, id=3140, stack(0x0000009d35d00000,0x0000009d35e00000) (1024K)]
  0x0000027a0d478a10 JavaThread "JdkHttpClient-1-2"          daemon [_thread_blocked, id=15632, stack(0x0000009d35e00000,0x0000009d35f00000) (1024K)]
  0x0000027a0d47b5f0 JavaThread "JdkHttpClient-1-3"          daemon [_thread_blocked, id=18164, stack(0x0000009d35f00000,0x0000009d36000000) (1024K)]
  0x0000027a0dcd2560 JavaThread "C2 CompilerThread1"         daemon [_thread_in_native, id=18676, stack(0x0000009d36000000,0x0000009d36100000) (1024K)]
Total: 31

Other Threads:
  0x00000279c3536340 VMThread "VM Thread"                           [id=23992, stack(0x0000009d33900000,0x0000009d33a00000) (1024K)]
  0x00000279c0ca1e00 WatcherThread "VM Periodic Task Thread"        [id=16640, stack(0x0000009d33800000,0x0000009d33900000) (1024K)]
  0x00000279a17b4ab0 WorkerThread "GC Thread#0"                     [id=9116, stack(0x0000009d33300000,0x0000009d33400000) (1024K)]
  0x0000027a0a416250 WorkerThread "GC Thread#1"                     [id=21140, stack(0x0000009d34800000,0x0000009d34900000) (1024K)]
  0x0000027a0a4174c0 WorkerThread "GC Thread#2"                     [id=22056, stack(0x0000009d34900000,0x0000009d34a00000) (1024K)]
  0x0000027a0a417870 WorkerThread "GC Thread#3"                     [id=23076, stack(0x0000009d34a00000,0x0000009d34b00000) (1024K)]
  0x0000027a0a416600 WorkerThread "GC Thread#4"                     [id=24000, stack(0x0000009d34b00000,0x0000009d34c00000) (1024K)]
  0x0000027a0a4169b0 WorkerThread "GC Thread#5"                     [id=22136, stack(0x0000009d34c00000,0x0000009d34d00000) (1024K)]
  0x0000027a09971490 WorkerThread "GC Thread#6"                     [id=16136, stack(0x0000009d34d00000,0x0000009d34e00000) (1024K)]
  0x0000027a09971bf0 WorkerThread "GC Thread#7"                     [id=6784, stack(0x0000009d34e00000,0x0000009d34f00000) (1024K)]
  0x00000279c0ad0ee0 ConcurrentGCThread "G1 Main Marker"            [id=20508, stack(0x0000009d33400000,0x0000009d33500000) (1024K)]
  0x00000279a17c0910 WorkerThread "G1 Conc#0"                       [id=4376, stack(0x0000009d33500000,0x0000009d33600000) (1024K)]
  0x0000027a0a65f350 WorkerThread "G1 Conc#1"                       [id=9796, stack(0x0000009d35000000,0x0000009d35100000) (1024K)]
  0x00000279a17de900 ConcurrentGCThread "G1 Refine#0"               [id=4024, stack(0x0000009d33600000,0x0000009d33700000) (1024K)]
  0x00000279c0b62180 ConcurrentGCThread "G1 Service"                [id=9452, stack(0x0000009d33700000,0x0000009d33800000) (1024K)]
Total: 15

Threads with active compile tasks:
C2 CompilerThread0  4879 3924       4       org.aspectj.apache.bcel.generic.ObjectType::toSignature (38 bytes)
C2 CompilerThread1  4879 3927       4       org.aspectj.weaver.bcel.LazyClassGen::<init> (556 bytes)
Total: 2

VM state: not at safepoint (normal execution)

VM Mutex/Monitor currently owned by a thread: None

Heap address: 0x0000000684400000, size: 6076 MB, Compressed Oops mode: Zero based, Oop shift amount: 3

CDS archive(s) mapped at: [0x00000279c4000000-0x00000279c4d40000-0x00000279c4d40000), size 13893632, SharedBaseAddress: 0x00000279c4000000, ArchiveRelocationMode: 1.
Compressed class space mapped at: 0x00000279c5000000-0x0000027a05000000, reserved size: 1073741824
UseCompressedClassPointers 1, UseCompactObjectHeaders 0
Narrow klass pointer bits 32, Max shift 3
Narrow klass base: 0x00000279c4000000, Narrow klass shift: 0
Encoding Range: [0x00000279c4000000 - 0x0000027ac4000000), (4294967296 bytes)
Klass Range:    [0x00000279c4000000 - 0x0000027a05000000), (1090519040 bytes)
Klass ID Range:  [8 - 1090519033) (1090519025)

GC Precious Log:
 CardTable entry size: 512
 Card Set container configuration: InlinePtr #cards 4 size 8 Array Of Cards #cards 32 size 80 Howl #buckets 8 coarsen threshold 7372 Howl Bitmap #cards 1024 size 144 coarsen threshold 921 Card regions per heap region 1 cards per card region 8192
 CPUs: 8 total, 8 available
 Memory: 24298M
 Large Page Support: Disabled
 NUMA Support: Disabled
 Compressed Oops: Enabled (Zero based)
 Heap Region Size: 4M
 Heap Min Capacity: 8M
 Heap Initial Capacity: 380M
 Heap Max Capacity: 6076M
 Pre-touch: Disabled
 Parallel Workers: 8
 Concurrent Workers: 2
 Concurrent Refinement Workers: 8
 Periodic GC: Disabled

Heap:
 garbage-first heap   total reserved 6221824K, committed 110592K, used 57816K [0x0000000684400000, 0x0000000800000000)
  region size 4096K, 10 young (40960K), 2 survivors (8192K)
 Metaspace       used 30520K, committed 30784K, reserved 1114112K
  class space    used 2770K, committed 2880K, reserved 1048576K

Heap Regions: E=young(eden), S=young(survivor), O=old, HS=humongous(starts), HC=humongous(continues), CS=collection set, F=free, TAMS=top-at-mark-start, PB=parsable bottom
|   0|0x0000000684400000, 0x00000006846b19e0, 0x0000000684800000| 67%| O|  |TAMS 0x0000000684400000| PB 0x0000000684400000| Untracked |  0
|   1|0x0000000684800000, 0x0000000684c00000, 0x0000000684c00000|100%| O|  |TAMS 0x0000000684800000| PB 0x0000000684800000| Untracked |  0
|   2|0x0000000684c00000, 0x0000000685000000, 0x0000000685000000|100%| O|  |TAMS 0x0000000684c00000| PB 0x0000000684c00000| Untracked |  0
|   3|0x0000000685000000, 0x0000000685400000, 0x0000000685400000|100%| O|  |TAMS 0x0000000685000000| PB 0x0000000685000000| Untracked |  0
|   4|0x0000000685400000, 0x0000000685800000, 0x0000000685800000|100%| O|  |TAMS 0x0000000685400000| PB 0x0000000685400000| Untracked |  0
|   5|0x0000000685800000, 0x0000000685c00000, 0x0000000685c00000|100%| O|  |TAMS 0x0000000685800000| PB 0x0000000685800000| Untracked |  0
|   6|0x0000000685c00000, 0x0000000686000000, 0x0000000686000000|100%| O|  |TAMS 0x0000000685c00000| PB 0x0000000685c00000| Untracked |  0
|   7|0x0000000686000000, 0x0000000686000000, 0x0000000686400000|  0%| F|  |TAMS 0x0000000686000000| PB 0x0000000686000000| Untracked |  0
|   8|0x0000000686400000, 0x00000006864a7768, 0x0000000686800000| 16%| S|CS|TAMS 0x0000000686400000| PB 0x0000000686400000| Complete |  0
|   9|0x0000000686800000, 0x0000000686c00000, 0x0000000686c00000|100%| S|CS|TAMS 0x0000000686800000| PB 0x0000000686800000| Complete |  0
|  10|0x0000000686c00000, 0x0000000686c00000, 0x0000000687000000|  0%| F|  |TAMS 0x0000000686c00000| PB 0x0000000686c00000| Untracked |  0
|  11|0x0000000687000000, 0x0000000687000000, 0x0000000687400000|  0%| F|  |TAMS 0x0000000687000000| PB 0x0000000687000000| Untracked |  0
|  12|0x0000000687400000, 0x0000000687400000, 0x0000000687800000|  0%| F|  |TAMS 0x0000000687400000| PB 0x0000000687400000| Untracked |  0
|  13|0x0000000687800000, 0x0000000687800000, 0x0000000687c00000|  0%| F|  |TAMS 0x0000000687800000| PB 0x0000000687800000| Untracked |  0
|  14|0x0000000687c00000, 0x0000000687c00000, 0x0000000688000000|  0%| F|  |TAMS 0x0000000687c00000| PB 0x0000000687c00000| Untracked |  0
|  15|0x0000000688000000, 0x0000000688000000, 0x0000000688400000|  0%| F|  |TAMS 0x0000000688000000| PB 0x0000000688000000| Untracked |  0
|  16|0x0000000688400000, 0x0000000688400000, 0x0000000688800000|  0%| F|  |TAMS 0x0000000688400000| PB 0x0000000688400000| Untracked |  0
|  17|0x0000000688800000, 0x0000000688800000, 0x0000000688c00000|  0%| F|  |TAMS 0x0000000688800000| PB 0x0000000688800000| Untracked |  0
|  18|0x0000000688c00000, 0x0000000688f39520, 0x0000000689000000| 80%| E|  |TAMS 0x0000000688c00000| PB 0x0000000688c00000| Complete |  0
|  53|0x0000000691800000, 0x0000000691c00000, 0x0000000691c00000|100%| E|CS|TAMS 0x0000000691800000| PB 0x0000000691800000| Complete |  0
|  54|0x0000000691c00000, 0x0000000692000000, 0x0000000692000000|100%| E|CS|TAMS 0x0000000691c00000| PB 0x0000000691c00000| Complete |  0
|  55|0x0000000692000000, 0x0000000692400000, 0x0000000692400000|100%| E|  |TAMS 0x0000000692000000| PB 0x0000000692000000| Complete |  0
|  56|0x0000000692400000, 0x0000000692800000, 0x0000000692800000|100%| E|CS|TAMS 0x0000000692400000| PB 0x0000000692400000| Complete |  0
|  57|0x0000000692800000, 0x0000000692c00000, 0x0000000692c00000|100%| E|CS|TAMS 0x0000000692800000| PB 0x0000000692800000| Complete |  0
|  58|0x0000000692c00000, 0x0000000693000000, 0x0000000693000000|100%| E|CS|TAMS 0x0000000692c00000| PB 0x0000000692c00000| Complete |  0
|  94|0x000000069bc00000, 0x000000069c000000, 0x000000069c000000|100%| E|CS|TAMS 0x000000069bc00000| PB 0x000000069bc00000| Complete |  0
|1518|0x00000007ffc00000, 0x00000007ffd1d248, 0x0000000800000000| 27%| O|Cm|TAMS 0x00000007ffc00000| PB 0x00000007ffc00000| Complete |  0

Card table byte_map: [0x00000279b9fe0000,0x00000279babc0000] _byte_map_base: 0x00000279b6bbe000

Marking Bits: (CMBitMap*) 0x00000279a17b50d0
 Bits: [0x00000279babc0000, 0x00000279c0ab0000)

Polling page: 0x000002799f540000

Metaspace:

Usage:
  Non-class:     27.11 MB used.
      Class:      2.71 MB used.
       Both:     29.82 MB used.

Virtual space:
  Non-class space:       64.00 MB reserved,      27.25 MB ( 43%) committed,  1 nodes.
      Class space:        1.00 GB reserved,       2.81 MB ( <1%) committed,  1 nodes.
             Both:        1.06 GB reserved,      30.06 MB (  3%) committed. 

Chunk freelists:
   Non-Class:  3.94 MB
       Class:  13.00 MB
        Both:  16.94 MB

MaxMetaspaceSize: unlimited
CompressedClassSpaceSize: 1.00 GB
Initial GC threshold: 21.00 MB
Current GC threshold: 35.12 MB
CDS: on
 - commit_granule_bytes: 65536.
 - commit_granule_words: 8192.
 - virtual_space_node_default_size: 8388608.
 - enlarge_chunks_in_place: 1.
UseCompressedClassPointers 1, UseCompactObjectHeaders 0
Narrow klass pointer bits 32, Max shift 3
Narrow klass base: 0x00000279c4000000, Narrow klass shift: 0
Encoding Range: [0x00000279c4000000 - 0x0000027ac4000000), (4294967296 bytes)
Klass Range:    [0x00000279c4000000 - 0x0000027a05000000), (1090519040 bytes)
Klass ID Range:  [8 - 1090519033) (1090519025)


Internal statistics:

num_allocs_failed_limit: 3.
num_arena_births: 324.
num_arena_deaths: 0.
num_vsnodes_births: 2.
num_vsnodes_deaths: 0.
num_space_committed: 481.
num_space_uncommitted: 0.
num_chunks_returned_to_freelist: 3.
num_chunks_taken_from_freelist: 1045.
num_chunk_merges: 3.
num_chunk_splits: 692.
num_chunks_enlarged: 510.
num_inconsistent_stats: 0.

CodeHeap 'non-profiled nmethods': size=120064Kb used=2302Kb max_used=2302Kb free=117761Kb
 bounds [0x00000279b1a80000, 0x00000279b1cf0000, 0x00000279b8fc0000]
CodeHeap 'profiled nmethods': size=120000Kb used=8198Kb max_used=8198Kb free=111801Kb
 bounds [0x00000279a9fc0000, 0x00000279aa7d0000, 0x00000279b14f0000]
CodeHeap 'non-nmethods': size=5696Kb used=1616Kb max_used=1752Kb free=4079Kb
 bounds [0x00000279b14f0000, 0x00000279b1760000, 0x00000279b1a80000]
CodeCache: size=245760Kb, used=12116Kb, max_used=12252Kb, free=233641Kb
 total_blobs=4563, nmethods=3932, adapters=534, full_count=0
Compilation: enabled, stopped_count=0, restarted_count=0

Compilation events (20 events):
Event: 4.801 Thread 0x00000279c354e2e0 3914       4       java.util.ArrayList::clear (43 bytes)
Event: 4.801 Thread 0x00000279c3555750 nmethod 3913 0x00000279aa7b4d88 code [0x00000279aa7b4ec0, 0x00000279aa7b5250]
Event: 4.802 Thread 0x00000279c3555750 3915       3       java.util.concurrent.locks.AbstractQueuedSynchronizer::signalNext (34 bytes)
Event: 4.802 Thread 0x00000279c3555750 nmethod 3915 0x00000279aa7b5288 code [0x00000279aa7b5420, 0x00000279aa7b5d70]
Event: 4.802 Thread 0x00000279c3555750 3917       3       java.lang.invoke.VarHandleGuards::guard_LL_V (123 bytes)
Event: 4.803 Thread 0x00000279c354e2e0 nmethod 3914 0x00000279b1cbab08 code [0x00000279b1cbac00, 0x00000279b1cbada0]
Event: 4.803 Thread 0x00000279c3555750 nmethod 3917 0x00000279aa7b5e08 code [0x00000279aa7b61a0, 0x00000279aa7b8e88]
Event: 4.803 Thread 0x00000279c3555750 3916       3       java.util.concurrent.CompletableFuture::<init> (5 bytes)
Event: 4.803 Thread 0x00000279c3555750 nmethod 3916 0x00000279aa7b8f88 code [0x00000279aa7b90a0, 0x00000279aa7b9200]
Event: 4.803 Thread 0x00000279c3555750 3918       3       jdk.internal.net.http.common.MinimalFuture::<init> (20 bytes)
Event: 4.803 Thread 0x00000279c3555750 nmethod 3918 0x00000279aa7b9288 code [0x00000279aa7b93c0, 0x00000279aa7b96b8]
Event: 4.803 Thread 0x00000279c3555750 3920       1       java.util.AbstractList$RandomAccessSpliterator::characteristics (4 bytes)
Event: 4.803 Thread 0x00000279c3555750 nmethod 3920 0x00000279b1cbae08 code [0x00000279b1cbaf00, 0x00000279b1cbafc8]
Event: 4.804 Thread 0x00000279c354e2e0 3921       4       java.lang.StringConcatHelper::newArrayWithSuffix (35 bytes)
Event: 4.806 Thread 0x00000279c354e2e0 nmethod 3921 0x00000279b1cbb108 code [0x00000279b1cbb220, 0x00000279b1cbb4d8]
Event: 4.806 Thread 0x00000279c354e2e0 3922       4       java.lang.invoke.VarForm::getMemberName (38 bytes)
Event: 4.807 Thread 0x00000279c354e2e0 nmethod 3922 0x00000279b1cbb588 code [0x00000279b1cbb6a0, 0x00000279b1cbb7b8]
Event: 4.814 Thread 0x00000279c354e2e0 3923       4       java.util.Collections$EmptyList::toArray (5 bytes)
Event: 4.814 Thread 0x00000279c354e2e0 nmethod 3923 0x00000279b1cbb888 code [0x00000279b1cbb980, 0x00000279b1cbba70]
Event: 4.814 Thread 0x00000279c354e2e0 3924       4       org.aspectj.apache.bcel.generic.ObjectType::toSignature (38 bytes)

GC Heap History (6 events):
Event: 0.910 GC heap before
{Heap before GC invocations=0 (full 0):
 garbage-first heap   total reserved 6221824K, committed 393216K, used 46196K [0x0000000684400000, 0x0000000800000000)
  region size 4096K, 12 young (49152K), 0 survivors (0K)
 Metaspace       used 11438K, committed 11648K, reserved 1114112K
  class space    used 887K, committed 1024K, reserved 1048576K
}
Event: 0.916 GC heap after
{Heap after GC invocations=1 (full 0):
 garbage-first heap   total reserved 6221824K, committed 393216K, used 11748K [0x0000000684400000, 0x0000000800000000)
  region size 4096K, 2 young (8192K), 2 survivors (8192K)
 Metaspace       used 11438K, committed 11648K, reserved 1114112K
  class space    used 887K, committed 1024K, reserved 1048576K
}
Event: 2.067 GC heap before
{Heap before GC invocations=1 (full 0):
 garbage-first heap   total reserved 6221824K, committed 393216K, used 146916K [0x0000000684400000, 0x0000000800000000)
  region size 4096K, 36 young (147456K), 2 survivors (8192K)
 Metaspace       used 21280K, committed 21504K, reserved 1114112K
  class space    used 1756K, committed 1856K, reserved 1048576K
}
Event: 2.079 GC heap after
{Heap after GC invocations=2 (full 0):
 garbage-first heap   total reserved 6221824K, committed 393216K, used 28475K [0x0000000684400000, 0x0000000800000000)
  region size 4096K, 6 young (24576K), 6 survivors (24576K)
 Metaspace       used 21280K, committed 21504K, reserved 1114112K
  class space    used 1756K, committed 1856K, reserved 1048576K
}
Event: 2.535 GC heap before
{Heap before GC invocations=3 (full 0):
 garbage-first heap   total reserved 6221824K, committed 110592K, used 69435K [0x0000000684400000, 0x0000000800000000)
  region size 4096K, 16 young (65536K), 6 survivors (24576K)
 Metaspace       used 27339K, committed 27648K, reserved 1114112K
  class space    used 2377K, committed 2496K, reserved 1048576K
}
Event: 2.548 GC heap after
{Heap after GC invocations=4 (full 0):
 garbage-first heap   total reserved 6221824K, committed 110592K, used 33240K [0x0000000684400000, 0x0000000800000000)
  region size 4096K, 2 young (8192K), 2 survivors (8192K)
 Metaspace       used 27339K, committed 27648K, reserved 1114112K
  class space    used 2377K, committed 2496K, reserved 1048576K
}

Dll operation events (13 events):
Event: 0.010 Loaded shared library C:\Program Files\Java\jdk-24\bin\java.dll
Event: 0.011 Loaded shared library C:\Program Files\Java\jdk-24\bin\zip.dll
Event: 0.045 Loaded shared library C:\Program Files\Java\jdk-24\bin\jsvml.dll
Event: 0.110 Loaded shared library C:\Program Files\Java\jdk-24\bin\instrument.dll
Event: 0.148 Loaded shared library C:\Program Files\Java\jdk-24\bin\net.dll
Event: 0.149 Loaded shared library C:\Program Files\Java\jdk-24\bin\nio.dll
Event: 0.157 Loaded shared library C:\Program Files\Java\jdk-24\bin\zip.dll
Event: 0.234 Loaded shared library C:\Program Files\Java\jdk-24\bin\jimage.dll
Event: 0.263 Loaded shared library C:\Program Files\Java\jdk-24\bin\verify.dll
Event: 0.641 Loaded shared library C:\Program Files\Java\jdk-24\bin\extnet.dll
Event: 2.097 Loaded shared library C:\Program Files\Java\jdk-24\bin\management.dll
Event: 2.099 Loaded shared library C:\Program Files\Java\jdk-24\bin\management_ext.dll
Event: 2.413 Loaded shared library C:\Program Files\Java\jdk-24\bin\sunmscapi.dll

Deoptimization events (20 events):
Event: 2.549 Thread 0x00000279a172d930 Uncommon trap: trap_request=0xffffff4d fr.pc=0x00000279b1b01260 relative=0x0000000000000060
Event: 2.549 Thread 0x00000279a172d930 Uncommon trap: reason=unstable_if action=reinterpret pc=0x00000279b1b01260 method=java.lang.ref.ReferenceQueue.poll()Ljava/lang/ref/Reference; @ 4 c2
Event: 2.549 Thread 0x00000279a172d930 DEOPT PACKING pc=0x00000279b1b01260 sp=0x0000009d332f9ea0
Event: 2.549 Thread 0x00000279a172d930 DEOPT UNPACKING pc=0x00000279b1617702 sp=0x0000009d332f9d70 mode 2
Event: 2.639 Thread 0x0000027a0c2de5a0 Uncommon trap: trap_request=0xffffff4d fr.pc=0x00000279b1adecd8 relative=0x0000000000000338
Event: 2.639 Thread 0x0000027a0c2de5a0 Uncommon trap: reason=unstable_if action=reinterpret pc=0x00000279b1adecd8 method=java.io.ByteArrayInputStream.read([BII)I @ 16 c2
Event: 2.639 Thread 0x0000027a0c2de5a0 DEOPT PACKING pc=0x00000279b1adecd8 sp=0x0000009d35afe330
Event: 2.639 Thread 0x0000027a0c2de5a0 DEOPT UNPACKING pc=0x00000279b1617702 sp=0x0000009d35afe2f0 mode 2
Event: 4.020 Thread 0x00000279a172d930 DEOPT PACKING pc=0x00000279aa0c5568 sp=0x0000009d332f87a0
Event: 4.020 Thread 0x00000279a172d930 DEOPT UNPACKING pc=0x00000279b1546642 sp=0x0000009d332f7c30 mode 0
Event: 4.025 Thread 0x00000279a172d930 DEOPT PACKING pc=0x00000279aa3ce887 sp=0x0000009d332f6560
Event: 4.025 Thread 0x00000279a172d930 DEOPT UNPACKING pc=0x00000279b1546642 sp=0x0000009d332f5b88 mode 0
Event: 4.051 Thread 0x00000279a172d930 Uncommon trap: trap_request=0xffffff4d fr.pc=0x00000279b1b4b380 relative=0x00000000000000e0
Event: 4.051 Thread 0x00000279a172d930 Uncommon trap: reason=unstable_if action=reinterpret pc=0x00000279b1b4b380 method=java.util.HashMap.hash(Ljava/lang/Object;)I @ 1 c2
Event: 4.051 Thread 0x00000279a172d930 DEOPT PACKING pc=0x00000279b1b4b380 sp=0x0000009d332fb810
Event: 4.051 Thread 0x00000279a172d930 DEOPT UNPACKING pc=0x00000279b1617702 sp=0x0000009d332fb750 mode 2
Event: 4.051 Thread 0x00000279a172d930 Uncommon trap: trap_request=0xffffff4d fr.pc=0x00000279b1a9ff28 relative=0x00000000000000a8
Event: 4.051 Thread 0x00000279a172d930 Uncommon trap: reason=unstable_if action=reinterpret pc=0x00000279b1a9ff28 method=java.util.HashMap.hash(Ljava/lang/Object;)I @ 1 c2
Event: 4.051 Thread 0x00000279a172d930 DEOPT PACKING pc=0x00000279b1a9ff28 sp=0x0000009d332fb7b0
Event: 4.051 Thread 0x00000279a172d930 DEOPT UNPACKING pc=0x00000279b1617702 sp=0x0000009d332fb748 mode 2

Classes loaded (20 events):
Event: 4.830 Loading class io/qameta/allure/internal/shadowed/jackson/databind/ser/impl/ReadOnlyClassToSerializerMap$Bucket
Event: 4.830 Loading class io/qameta/allure/internal/shadowed/jackson/databind/ser/impl/ReadOnlyClassToSerializerMap$Bucket done
Event: 4.831 Loading class io/qameta/allure/internal/shadowed/jackson/databind/ser/impl/ReadOnlyClassToSerializerMap
Event: 4.831 Loading class io/qameta/allure/internal/shadowed/jackson/databind/ser/impl/ReadOnlyClassToSerializerMap done
Event: 4.831 Loading class io/qameta/allure/internal/shadowed/jackson/databind/ser/impl/ReadOnlyClassToSerializerMap$Bucket
Event: 4.831 Loading class io/qameta/allure/internal/shadowed/jackson/databind/ser/impl/ReadOnlyClassToSerializerMap$Bucket done
Event: 4.831 Loading class io/qameta/allure/internal/shadowed/jackson/databind/util/TypeKey
Event: 4.831 Loading class io/qameta/allure/internal/shadowed/jackson/databind/util/TypeKey done
Event: 4.831 Loading class io/qameta/allure/internal/shadowed/jackson/databind/util/TypeKey
Event: 4.831 Loading class io/qameta/allure/internal/shadowed/jackson/databind/util/TypeKey done
Event: 4.832 Loading class io/qameta/allure/internal/shadowed/jackson/databind/util/internal/PrivateMaxEntriesMap$EntrySet
Event: 4.832 Loading class io/qameta/allure/internal/shadowed/jackson/databind/util/internal/PrivateMaxEntriesMap$EntrySet done
Event: 4.833 Loading class io/qameta/allure/internal/shadowed/jackson/databind/util/internal/PrivateMaxEntriesMap$EntryIterator
Event: 4.833 Loading class io/qameta/allure/internal/shadowed/jackson/databind/util/internal/PrivateMaxEntriesMap$EntryIterator done
Event: 4.834 Loading class io/qameta/allure/internal/shadowed/jackson/databind/type/ClassStack
Event: 4.834 Loading class io/qameta/allure/internal/shadowed/jackson/databind/type/ClassStack done
Event: 4.835 Loading class io/qameta/allure/internal/shadowed/jackson/databind/util/internal/PrivateMaxEntriesMap$WeightedValue
Event: 4.835 Loading class io/qameta/allure/internal/shadowed/jackson/databind/util/internal/PrivateMaxEntriesMap$WeightedValue done
Event: 4.835 Loading class io/qameta/allure/internal/shadowed/jackson/databind/util/internal/PrivateMaxEntriesMap$Node
Event: 4.835 Loading class io/qameta/allure/internal/shadowed/jackson/databind/util/internal/PrivateMaxEntriesMap$Node done

Classes unloaded (0 events):
No events

Classes redefined (1 events):
Event: 0.131 Thread 0x00000279c3536340 redefined class name=java.lang.Throwable, count=1

Internal exceptions (20 events):
Event: 2.568 Thread 0x00000279a172d930 Exception <a 'java/lang/NoSuchMethodError'{0x000000069be424f8}: 'void java.lang.invoke.DirectMethodHandle$Holder.invokeStatic(java.lang.Object, java.lang.Object, int)'> (0x000000069be424f8) 
thrown [s\open\src\hotspot\share\interpreter\linkResolver.cpp, line 805]
Event: 2.604 Thread 0x0000027a0c2d9c80 Exception <a 'java/lang/NoSuchMethodError'{0x0000000692daf2a0}: 'java.lang.Object java.lang.invoke.DirectMethodHandle$Holder.invokeSpecial(java.lang.Object, java.lang.Object, java.lang.Object, java.lang.Object, java.lang.Object, int)'> (0x0000000692daf2a0) 
thrown [s\open\src\hotspot\share\interpreter\linkResolver.cpp, line 805]
Event: 2.604 Thread 0x0000027a0c2d9c80 Exception <a 'java/lang/NoSuchMethodError'{0x0000000692dc0228}: 'java.lang.Object java.lang.invoke.Invokers$Holder.linkToTargetMethod(java.lang.Object, java.lang.Object, int, java.lang.Object)'> (0x0000000692dc0228) 
thrown [s\open\src\hotspot\share\interpreter\linkResolver.cpp, line 805]
Event: 2.621 Thread 0x0000027a0c2d9c80 Exception <a 'java/lang/NoSuchMethodError'{0x0000000692ecd270}: 'void java.lang.invoke.DirectMethodHandle$Holder.invokeSpecial(java.lang.Object, java.lang.Object, java.lang.Object, java.lang.Object, java.lang.Object)'> (0x0000000692ecd270) 
thrown [s\open\src\hotspot\share\interpreter\linkResolver.cpp, line 805]
Event: 2.624 Thread 0x0000027a0c2d9c80 Exception <a 'java/lang/NoSuchMethodError'{0x0000000692f33010}: 'long java.lang.invoke.DirectMethodHandle$Holder.invokeStatic(java.lang.Object, long, long)'> (0x0000000692f33010) 
thrown [s\open\src\hotspot\share\interpreter\linkResolver.cpp, line 805]
Event: 2.630 Thread 0x0000027a0c2da3d0 Exception <a 'java/lang/NoSuchMethodError'{0x0000000692d4e108}: 'int java.lang.invoke.DirectMethodHandle$Holder.invokeStatic(java.lang.Object, int, java.lang.Object)'> (0x0000000692d4e108) 
thrown [s\open\src\hotspot\share\interpreter\linkResolver.cpp, line 805]
Event: 2.631 Thread 0x0000027a0c2da3d0 Exception <a 'java/lang/NoSuchMethodError'{0x0000000692f9da38}: 'java.lang.Object java.lang.invoke.DirectMethodHandle$Holder.newInvokeSpecial(java.lang.Object, java.lang.Object, int)'> (0x0000000692f9da38) 
thrown [s\open\src\hotspot\share\interpreter\linkResolver.cpp, line 805]
Event: 3.928 Thread 0x0000027a0c2de5a0 Exception <a 'java/lang/NoSuchMethodError'{0x00000006929751e8}: 'void java.lang.invoke.DirectMethodHandle$Holder.invokeSpecial(java.lang.Object, java.lang.Object, java.lang.Object, java.lang.Object, java.lang.Object, java.lang.Object, java.lang.Object)'> (0x00000006929751e8) 
thrown [s\open\src\hotspot\share\interpreter\linkResolver.cpp, line 805]
Event: 3.939 Thread 0x00000279a172d930 Exception <a 'java/lang/NoSuchMethodError'{0x0000000692a23768}: 'java.lang.Object java.lang.invoke.DirectMethodHandle$Holder.invokeSpecialIFC(java.lang.Object, java.lang.Object, java.lang.Object)'> (0x0000000692a23768) 
thrown [s\open\src\hotspot\share\interpreter\linkResolver.cpp, line 805]
Event: 4.051 Thread 0x00000279a172d930 Implicit null exception at 0x00000279b1b4b2d6 to 0x00000279b1b4b376
Event: 4.051 Thread 0x00000279a172d930 Implicit null exception at 0x00000279b1a9fe9d to 0x00000279b1a9ff19
Event: 4.054 Thread 0x00000279a172d930 Exception <a 'java/lang/ClassNotFoundException'{0x0000000691e58010}: sun/util/logging/resources/spi/loggingProvider> (0x0000000691e58010) 
thrown [s\open\src\hotspot\share\classfile\systemDictionary.cpp, line 327]
Event: 4.807 Thread 0x00000279a172d930 Exception <a 'java/lang/IncompatibleClassChangeError'{0x00000006918256f0}: Found class java.lang.Object, but interface was expected> (0x00000006918256f0) 
thrown [s\open\src\hotspot\share\interpreter\linkResolver.cpp, line 872]
Event: 4.807 Thread 0x00000279a172d930 Exception <a 'java/lang/IncompatibleClassChangeError'{0x000000069182d708}: Found class java.lang.Object, but interface was expected> (0x000000069182d708) 
thrown [s\open\src\hotspot\share\interpreter\linkResolver.cpp, line 872]
Event: 4.808 Thread 0x00000279a172d930 Exception <a 'java/lang/IncompatibleClassChangeError'{0x00000006918354a0}: Found class java.lang.Object, but interface was expected> (0x00000006918354a0) 
thrown [s\open\src\hotspot\share\interpreter\linkResolver.cpp, line 872]
Event: 4.808 Thread 0x00000279a172d930 Exception <a 'java/lang/IncompatibleClassChangeError'{0x000000069183d268}: Found class java.lang.Object, but interface was expected> (0x000000069183d268) 
thrown [s\open\src\hotspot\share\interpreter\linkResolver.cpp, line 872]
Event: 4.809 Thread 0x00000279a172d930 Exception <a 'java/lang/IncompatibleClassChangeError'{0x00000006918450b8}: Found class java.lang.Object, but interface was expected> (0x00000006918450b8) 
thrown [s\open\src\hotspot\share\interpreter\linkResolver.cpp, line 872]
Event: 4.809 Thread 0x00000279a172d930 Exception <a 'java/lang/IncompatibleClassChangeError'{0x000000069184ce60}: Found class java.lang.Object, but interface was expected> (0x000000069184ce60) 
thrown [s\open\src\hotspot\share\interpreter\linkResolver.cpp, line 872]
Event: 4.810 Thread 0x00000279a172d930 Exception <a 'java/lang/IncompatibleClassChangeError'{0x0000000691854c30}: Found class java.lang.Object, but interface was expected> (0x0000000691854c30) 
thrown [s\open\src\hotspot\share\interpreter\linkResolver.cpp, line 872]
Event: 4.811 Thread 0x00000279a172d930 Exception <a 'sun/nio/fs/WindowsException'{0x000000069185cb38}> (0x000000069185cb38) 
thrown [s\open\src\hotspot\share\prims\jni.cpp, line 518]

VM Operations (20 events):
Event: 2.313 Executing VM operation: HandshakeAllThreads (Deoptimize)
Event: 2.313 Executing VM operation: HandshakeAllThreads (Deoptimize) done
Event: 2.316 Executing VM operation: HandshakeAllThreads (Deoptimize)
Event: 2.316 Executing VM operation: HandshakeAllThreads (Deoptimize) done
Event: 2.338 Executing VM operation: HandshakeAllThreads (Deoptimize)
Event: 2.338 Executing VM operation: HandshakeAllThreads (Deoptimize) done
Event: 2.365 Executing VM operation: HandshakeAllThreads (Deoptimize)
Event: 2.365 Executing VM operation: HandshakeAllThreads (Deoptimize) done
Event: 2.522 Executing VM operation: HandshakeAllThreads (Deoptimize)
Event: 2.522 Executing VM operation: HandshakeAllThreads (Deoptimize) done
Event: 2.523 Executing VM operation: HandshakeAllThreads (Deoptimize)
Event: 2.523 Executing VM operation: HandshakeAllThreads (Deoptimize) done
Event: 2.535 Executing VM operation: G1CollectForAllocation (G1 Evacuation Pause)
Event: 2.548 Executing VM operation: G1CollectForAllocation (G1 Evacuation Pause) done
Event: 3.917 Executing VM operation: HandshakeAllThreads (Deoptimize)
Event: 3.917 Executing VM operation: HandshakeAllThreads (Deoptimize) done
Event: 3.919 Executing VM operation: HandshakeAllThreads (Deoptimize)
Event: 3.919 Executing VM operation: HandshakeAllThreads (Deoptimize) done
Event: 4.811 Executing VM operation: HandshakeAllThreads (Deoptimize)
Event: 4.811 Executing VM operation: HandshakeAllThreads (Deoptimize) done

Memory protections (0 events):
No events

Nmethod flushes (0 events):
No events

Events (20 events):
Event: 2.136 Thread 0x00000279a172d930 Thread added: 0x0000027a0b2b1f30
Event: 2.190 Thread 0x0000027a0b2b1f30 Thread exited: 0x0000027a0b2b1f30
Event: 2.434 Thread 0x00000279a172d930 Thread added: 0x0000027a0c2da3d0
Event: 2.463 Thread 0x00000279a172d930 Thread added: 0x0000027a0c2d8de0
Event: 2.465 Thread 0x00000279a172d930 Thread added: 0x0000027a0c2dc860
Event: 2.465 Thread 0x00000279a172d930 Thread added: 0x0000027a0c2dab20
Event: 2.470 Thread 0x0000027a0c2dc860 Thread added: 0x0000027a0c2d9530
Event: 2.523 Thread 0x0000027a0c2d9530 Thread added: 0x0000027a0c2db270
Event: 2.581 Thread 0x00000279a172d930 Thread added: 0x0000027a0c2d9c80
Event: 2.583 Thread 0x00000279a172d930 Thread added: 0x0000027a0c2dd700
Event: 2.632 Thread 0x0000027a0c2da3d0 Thread added: 0x0000027a0c2de5a0
Event: 2.633 Thread 0x0000027a0c2da3d0 Thread added: 0x0000027a0c2dde50
Event: 2.634 Thread 0x0000027a0c2da3d0 Thread added: 0x0000027a0c2decf0
Event: 3.916 Thread 0x0000027a0a5f5dd0 Thread exited: 0x0000027a0a5f5dd0
Event: 3.922 Thread 0x00000279c36e0780 Thread exited: 0x00000279c36e0780
Event: 3.984 Thread 0x00000279a172d930 Thread added: 0x0000027a0c2db9c0
Event: 3.984 Thread 0x00000279a172d930 Thread added: 0x0000027a0d47bd40
Event: 3.986 Thread 0x0000027a0c2db9c0 Thread added: 0x0000027a0d47aea0
Event: 3.987 Thread 0x0000027a0c2db9c0 Thread added: 0x0000027a0d478a10
Event: 3.987 Thread 0x0000027a0c2db9c0 Thread added: 0x0000027a0d47b5f0


Dynamic libraries:
0x00007ff6b2d60000 - 0x00007ff6b2d70000 	C:\Program Files\Java\jdk-24\bin\java.exe
0x00007ff81eb20000 - 0x00007ff81ed87000 	C:\WINDOWS\SYSTEM32\ntdll.dll
0x00007ff81ce80000 - 0x00007ff81cf49000 	C:\WINDOWS\System32\KERNEL32.DLL
0x00007ff81bd10000 - 0x00007ff81c100000 	C:\WINDOWS\System32\KERNELBASE.dll
0x00007ff81c110000 - 0x00007ff81c25b000 	C:\WINDOWS\System32\ucrtbase.dll
0x00007ff80bc40000 - 0x00007ff80bc56000 	C:\Program Files\Java\jdk-24\bin\jli.dll
0x00007ff80bd10000 - 0x00007ff80bd2b000 	C:\Program Files\Java\jdk-24\bin\VCRUNTIME140.dll
0x00007ff81cf50000 - 0x00007ff81d115000 	C:\WINDOWS\System32\USER32.dll
0x00007ff8028a0000 - 0x00007ff802b3a000 	C:\WINDOWS\WinSxS\amd64_microsoft.windows.common-controls_6595b64144ccf1df_6.0.26100.4768_none_3e0c112ce331287c\COMCTL32.dll
0x00007ff81bc50000 - 0x00007ff81bc77000 	C:\WINDOWS\System32\win32u.dll
0x00007ff81e210000 - 0x00007ff81e2b9000 	C:\WINDOWS\System32\msvcrt.dll
0x00007ff81e1e0000 - 0x00007ff81e20b000 	C:\WINDOWS\System32\GDI32.dll
0x00007ff81c260000 - 0x00007ff81c398000 	C:\WINDOWS\System32\gdi32full.dll
0x00007ff81c680000 - 0x00007ff81c723000 	C:\WINDOWS\System32\msvcp_win.dll
0x00007ff81cc20000 - 0x00007ff81cc4f000 	C:\WINDOWS\System32\IMM32.DLL
0x00007ff8182e0000 - 0x00007ff8182ec000 	C:\Program Files\Java\jdk-24\bin\vcruntime140_1.dll
0x00007fffdb3e0000 - 0x00007fffdb46e000 	C:\Program Files\Java\jdk-24\bin\msvcp140.dll
0x00007fffb12e0000 - 0x00007fffb2081000 	C:\Program Files\Java\jdk-24\bin\server\jvm.dll
0x00007ff81d650000 - 0x00007ff81d704000 	C:\WINDOWS\System32\ADVAPI32.dll
0x00007ff81dca0000 - 0x00007ff81dd46000 	C:\WINDOWS\System32\sechost.dll
0x00007ff81d930000 - 0x00007ff81da48000 	C:\WINDOWS\System32\RPCRT4.dll
0x00007ff81ea60000 - 0x00007ff81ead4000 	C:\WINDOWS\System32\WS2_32.dll
0x00007ff81bab0000 - 0x00007ff81bb0e000 	C:\WINDOWS\SYSTEM32\POWRPROF.dll
0x00007ff813100000 - 0x00007ff813135000 	C:\WINDOWS\SYSTEM32\WINMM.dll
0x00007ff80bb30000 - 0x00007ff80bb3b000 	C:\WINDOWS\SYSTEM32\VERSION.dll
0x00007ff81ba90000 - 0x00007ff81baa4000 	C:\WINDOWS\SYSTEM32\UMPDC.dll
0x00007ff81a9d0000 - 0x00007ff81a9eb000 	C:\WINDOWS\SYSTEM32\kernel.appcore.dll
0x00007ff8182a0000 - 0x00007ff8182aa000 	C:\Program Files\Java\jdk-24\bin\jimage.dll
0x00007ff819400000 - 0x00007ff819641000 	C:\WINDOWS\SYSTEM32\DBGHELP.DLL
0x00007ff81d120000 - 0x00007ff81d4a5000 	C:\WINDOWS\System32\combase.dll
0x00007ff81d840000 - 0x00007ff81d920000 	C:\WINDOWS\System32\OLEAUT32.dll
0x00007ffffddb0000 - 0x00007ffffddf3000 	C:\WINDOWS\SYSTEM32\dbgcore.DLL
0x00007ff81c5e0000 - 0x00007ff81c679000 	C:\WINDOWS\System32\bcryptPrimitives.dll
0x00007ff80bcd0000 - 0x00007ff80bcdf000 	C:\Program Files\Java\jdk-24\bin\instrument.dll
0x00007ff806100000 - 0x00007ff80611e000 	C:\Program Files\Java\jdk-24\bin\java.dll
0x00007ff81da60000 - 0x00007ff81dc00000 	C:\WINDOWS\System32\ole32.dll
0x00007ff81e2c0000 - 0x00007ff81ea0d000 	C:\WINDOWS\System32\SHELL32.dll
0x00007ff81c730000 - 0x00007ff81c8a3000 	C:\WINDOWS\System32\wintypes.dll
0x00007ff806000000 - 0x00007ff806017000 	C:\Program Files\Java\jdk-24\bin\zip.dll
0x00007ff819800000 - 0x00007ff81a060000 	C:\WINDOWS\SYSTEM32\windows.storage.dll
0x00007ff81cd10000 - 0x00007ff81ce05000 	C:\WINDOWS\System32\SHCORE.dll
0x00007ff81ce10000 - 0x00007ff81ce7a000 	C:\WINDOWS\System32\shlwapi.dll
0x00007ff81bb70000 - 0x00007ff81bb99000 	C:\WINDOWS\SYSTEM32\profapi.dll
0x00007fffb2cd0000 - 0x00007fffb2da7000 	C:\Program Files\Java\jdk-24\bin\jsvml.dll
0x00007ff80bd00000 - 0x00007ff80bd10000 	C:\Program Files\Java\jdk-24\bin\net.dll
0x00007ff81af60000 - 0x00007ff81afcb000 	C:\WINDOWS\system32\mswsock.dll
0x00007ff8060e0000 - 0x00007ff8060f6000 	C:\Program Files\Java\jdk-24\bin\nio.dll
0x00007ff805ff0000 - 0x00007ff806000000 	C:\Program Files\Java\jdk-24\bin\verify.dll
0x00007ff806060000 - 0x00007ff806069000 	C:\Program Files\Java\jdk-24\bin\extnet.dll
0x00007ff81b220000 - 0x00007ff81b23b000 	C:\WINDOWS\SYSTEM32\CRYPTSP.dll
0x00007ff81a930000 - 0x00007ff81a96b000 	C:\WINDOWS\system32\rsaenh.dll
0x00007ff81b000000 - 0x00007ff81b02b000 	C:\WINDOWS\SYSTEM32\USERENV.dll
0x00007ff81bb40000 - 0x00007ff81bb66000 	C:\WINDOWS\SYSTEM32\bcrypt.dll
0x00007ff81b240000 - 0x00007ff81b24c000 	C:\WINDOWS\SYSTEM32\CRYPTBASE.dll
0x00007ff81a3a0000 - 0x00007ff81a3d3000 	C:\WINDOWS\SYSTEM32\IPHLPAPI.DLL
0x00007ff81dc10000 - 0x00007ff81dc1a000 	C:\WINDOWS\System32\NSI.dll
0x00007ff81a490000 - 0x00007ff81a5b6000 	C:\WINDOWS\SYSTEM32\DNSAPI.dll
0x00007ff80d8f0000 - 0x00007ff80d8fb000 	C:\Windows\System32\rasadhlp.dll
0x00007ff815470000 - 0x00007ff8154f6000 	C:\WINDOWS\System32\fwpuclnt.dll
0x00007ff805fe0000 - 0x00007ff805fea000 	C:\Program Files\Java\jdk-24\bin\management.dll
0x00007ff804010000 - 0x00007ff80401b000 	C:\Program Files\Java\jdk-24\bin\management_ext.dll
0x00007ff81d710000 - 0x00007ff81d718000 	C:\WINDOWS\System32\PSAPI.DLL
0x00007ff809510000 - 0x00007ff80951e000 	C:\Program Files\Java\jdk-24\bin\sunmscapi.dll
0x00007ff81c3a0000 - 0x00007ff81c517000 	C:\WINDOWS\System32\CRYPT32.dll
0x00007ff81b440000 - 0x00007ff81b470000 	C:\WINDOWS\SYSTEM32\ncrypt.dll
0x00007ff81b3f0000 - 0x00007ff81b42f000 	C:\WINDOWS\SYSTEM32\NTASN1.dll
0x00007ff8150d0000 - 0x00007ff8150d8000 	C:\WINDOWS\system32\wshunix.dll

JVMTI agents:
C:\Users\TRINH\AppData\Local\JetBrains\IdeaIC2025.1\captureAgent\debugger-agent.jar path:C:\Program Files\Java\jdk-24\bin\instrument.dll, loaded, initialized, instrumentlib options:file:///C:/Users/TRINH/AppData/Local/Temp/capture14980761872164226246.props
C:\Users\TRINH\.m2\repository/org/aspectj/aspectjweaver/1.9.24/aspectjweaver-1.9.24.jar path:C:\Program Files\Java\jdk-24\bin\instrument.dll, loaded, initialized, instrumentlib options:none
C:\Program Files\JetBrains\IntelliJ IDEA Community Edition 2025.1\lib\idea_rt.jar path:C:\Program Files\Java\jdk-24\bin\instrument.dll, loaded, initialized, instrumentlib options:53964

dbghelp: loaded successfully - version: 4.0.5 - missing functions: none
symbol engine: initialized successfully - sym options: 0x614 - pdb path: .;C:\Program Files\Java\jdk-24\bin;C:\WINDOWS\SYSTEM32;C:\WINDOWS\WinSxS\amd64_microsoft.windows.common-controls_6595b64144ccf1df_6.0.26100.4768_none_3e0c112ce331287c;C:\Program Files\Java\jdk-24\bin\server

VM Arguments:
jvm_args: -javaagent:C:\Users\TRINH\AppData\Local\JetBrains\IdeaIC2025.1\captureAgent\debugger-agent.jar=file:///C:/Users/TRINH/AppData/Local/Temp/capture14980761872164226246.props -ea -Dallure.results.directory=target/allure-results -javaagent:C:\Users\TRINH\.m2\repository/org/aspectj/aspectjweaver/1.9.24/aspectjweaver-1.9.24.jar -Didea.test.cyclic.buffer.size=1048576 -javaagent:C:\Program Files\JetBrains\IntelliJ IDEA Community Edition 2025.1\lib\idea_rt.jar=53964 -Dkotlinx.coroutines.debug.enable.creation.stack.trace=false -Ddebugger.agent.enable.coroutines=true -Dkotlinx.coroutines.debug.enable.flows.stack.trace=true -Dkotlinx.coroutines.debug.enable.mutable.state.flows.stack.trace=true -Dfile.encoding=UTF-8 -Dsun.stdout.encoding=UTF-8 -Dsun.stderr.encoding=UTF-8 
java_command: com.intellij.rt.testng.RemoteTestNGStarter -usedefaultlisteners false -socket53963 @w@C:\Users\TRINH\AppData\Local\Temp\idea_working_dirs_testng.tmp -temp C:\Users\TRINH\AppData\Local\Temp\idea_testng.tmp
java_class_path (initial): C:\Program Files\JetBrains\IntelliJ IDEA Community Edition 2025.1\lib\idea_rt.jar;C:\Program Files\JetBrains\IntelliJ IDEA Community Edition 2025.1\plugins\testng\lib\testng-rt.jar;C:\Users\TRINH\OneDrive\Máy tính\capstone\MocProject_Cybersoft_Test04_Final_exam\Automation\Demo\target\classes;C:\Users\TRINH\.m2\repository\org\seleniumhq\selenium\selenium-java\4.34.0\selenium-java-4.34.0.jar;C:\Users\TRINH\.m2\repository\org\seleniumhq\selenium\selenium-api\4.34.0\selenium-api-4.34.0.jar;C:\Users\TRINH\.m2\repository\org\jspecify\jspecify\1.0.0\jspecify-1.0.0.jar;C:\Users\TRINH\.m2\repository\org\seleniumhq\selenium\selenium-chrome-driver\4.34.0\selenium-chrome-driver-4.34.0.jar;C:\Users\TRINH\.m2\repository\com\google\auto\service\auto-service-annotations\1.1.1\auto-service-annotations-1.1.1.jar;C:\Users\TRINH\.m2\repository\org\seleniumhq\selenium\selenium-chromium-driver\4.34.0\selenium-chromium-driver-4.34.0.jar;C:\Users\TRINH\.m2\repository\org\seleniumhq\selenium\selenium-json\4.34.0\selenium-json-4.34.0.jar;C:\Users\TRINH\.m2\repository\org\seleniumhq\selenium\selenium-manager\4.34.0\selenium-manager-4.34.0.jar;C:\Users\TRINH\.m2\repository\org\seleniumhq\selenium\selenium-devtools-v136\4.34.0\selenium-devtools-v136-4.34.0.jar;C:\Users\TRINH\.m2\repository\org\seleniumhq\selenium\selenium-devtools-v137\4.34.0\selenium-devtools-v137-4.34.0.jar;C:\Users\TRINH\.m2\repository\org\seleniumhq\selenium\selenium-devtools-v138\4.34.0\selenium-devtools-v138-4.34.0.jar;C:\Users\TRINH\.m2\repository\org\seleniumhq\selenium\selenium-edge-driver\4.34.0\selenium-edge-driver-4.34.0.jar;C:\Users\TRINH\.m2\repository\org\seleniumhq\selenium\selenium-firefox-driver\4.34.0\selenium-firefox-driver-4.34.0.jar;C:\Users\TRINH\.m2\repository\org\seleniumhq\selenium\selenium-http\4.34.0\selenium-http-4.34.0.jar;C:\Users\TRINH\.m2\repository\org\seleniumhq\selenium\selenium-ie-driver\4.34.0\selenium-ie-driver-4.34.0.jar;C:\Users\TRINH\.m2\repository\org\seleniumhq\selenium\selenium-remote-driver\4.34.0\selenium-remote-driver-4.34.0.jar;C:\Users\TRINH\.m2\repository\com\google\guava\guava\33.4.8-jre\guava-33.4.8-jre.jar;C:\Users\TRINH\.m2\repository\com\google\guava\failureaccess\1.0.3\failureaccess-1.0.3.jar;C:\Users\TRINH\.m2\repository\com\google\guava\listenablefuture\9999.0-empty-to-avoid-conflict-with-guava\listenablefuture-9999.0-empty-to-avoid-conflict-with-guava.jar;C:\Users\TRINH\.m2\repository\com\google\errorprone\error_prone_annotations\2.36.0\error_prone_annotations-2.36.0.jar;C:\Users\TRINH\.m2\repository\com\google\j2objc\j2objc-annotations\3.0.0\j2objc-annotations-3.0.0.jar;C:\Users\TRINH\.m2\repository\io\opentelemetry\opentelemetry-api\1.51.0\opentelemetry-api-1.51.0.jar;C:\Users\TRINH\.m2\repository\io\opentelemetry\opentelemetry-context\1.51.0\opentelemetry-context-1.51.0.jar;C:\Users\TRINH\.m2\repository\io\opentelemetry\opentelemetry-exporter-logging\1.51.0\opentelemetry-exporter-logging-1.51.0.jar;C:\Users\TRINH\.m2\repository\io\opentelemetry\opentelemetry-sdk-common\1.51.0\opentelemetry-sdk-common-1.51.0.jar;C:\Users\TRINH\.m2\repository\io\opentelemetry\opentelemetry-sdk-extension-autoconfigure-spi\1.51.0\opentelemetry-sdk-extension-autoconfigure-spi-1.51.0.jar;C:\Users\TRINH\.m2\repository\io\opentelemetry\opentelemetry-sdk-extension-autoconfigure\1.51.0\opentelemetry-sdk-extension-autoconfigure-1.51.0.jar;C:\Users\TRINH\.m2\repository\io\opentelemetry\opentelemetry-sdk-trace\1.51.0\opentelemetry-sdk-trace-1.51.0.jar;C:\Users\TRINH\.m2\repository\io\opentelemetry\opentelemetry-sdk\1.51.0\opentelemetry-sdk-1.51.0.jar;C:\Users\TRINH\.m2\repository\io\opentelemetry\opentelemetry-sdk-metrics\1.51.0\opentelemetry-sdk-metrics-1.51.0.jar;C:\Users\TRINH\.m2\repository\io\opentelemetry\opentelemetry-sdk-logs\1.51.0\opentelemetry-sdk-logs-1.51.0.jar;C:\Users\TRINH\.m2\repository\net\bytebuddy\byte-buddy\1.17.6\byte-buddy-1.17.6.jar;C:\Users\TRINH\.m2\repository\org\seleniumhq\selenium\selenium-os\4.34.0\selenium-os-4.34.0.jar;C:\Users\TRINH\.m2\repository\org\apache\commons\commons-exec\1.5.0\commons-exec-1.5.0.jar;C:\Users\TRINH\.m2\repository\org\seleniumhq\selenium\selenium-safari-driver\4.34.0\selenium-safari-driver-4.34.0.jar;C:\Users\TRINH\.m2\repository\org\seleniumhq\selenium\selenium-support\4.34.0\selenium-support-4.34.0.jar;C:\Users\TRINH\.m2\repository\org\testng\testng\7.10.2\testng-7.10.2.jar;C:\Users\TRINH\.m2\repository\com\beust\jcommander\1.82\jcommander-1.82.jar;C:\Users\TRINH\.m2\repository\org\webjars\jquery\3.7.1\jquery-3.7.1.jar;C:\Users\TRINH\.m2\repository\org\slf4j\slf4j-simple\2.0.17\slf4j-simple-2.0.17.jar;C:\Users\TRINH\.m2\repository\org\slf4j\slf4j-api\2.0.17\slf4j-api-2.0.17.jar;C:\Users\TRINH\.m2\repository\org\apache\poi\poi\5.4.1\poi-5.4.1.jar;C:\Users\TRINH\.m2\repository\commons-codec\commons-codec\1.18.0\commons-codec-1.18.0.jar;C:\Users\TRINH\.m2\repository\org\apache\commons\commons-collections4\4.4\commons-collections4-4.4.jar;C:\Users\TRINH\.m2\repository\org\apache\commons\commons-math3\3.6.1\commons-math3-3.6.1.jar;C:\Users\TRINH\.m2\repository\com\zaxxer\SparseBitSet\1.3\SparseBitSet-1.3.jar;C:\Users\TRINH\.m2\repository\org\apache\poi\poi-ooxml\5.4.1\poi-ooxml-5.4.1.jar;C:\Users\TRINH\.m2\repository\org\apache\poi\poi-ooxml-lite\5.4.1\poi-ooxml-lite-5.4.1.jar;C:\Users\TRINH\.m2\repository\org\apache\xmlbeans\xmlbeans\5.3.0\xmlbeans-5.3.0.jar;C:\Users\TRINH\.m2\repository\org\apache\commons\commons-compress\1.27.1\commons-compress-1.27.1.jar;C:\Users\TRINH\.m2\repository\org\apache\commons\commons-lang3\3.16.0\commons-lang3-3.16.0.jar;C:\Users\TRINH\.m2\repository\com\github\virtuald\curvesapi\1.08\curvesapi-1.08.jar;C:\Users\TRINH\.m2\repository\commons-io\commons-io\2.19.0\commons-io-2.19.0.jar;C:\Users\TRINH\.m2\repository\com\github\stephenc\monte\monte-screen-recorder\0.7.7.0\monte-screen-recorder-0.7.7.0.jar;C:\Users\TRINH\.m2\repository\org\apache\logging\log4j\log4j-core\2.25.0\log4j-core-2.25.0.jar;C:\Users\TRINH\.m2\repository\org\apache\logging\log4j\log4j-api\2.25.0\log4j-api-2.25.0.jar;C:\Users\TRINH\.m2\repository\com\aventstack\extentreports\5.1.2\extentreports-5.1.2.jar;C:\Users\TRINH\.m2\repository\io\reactivex\rxjava3\rxjava\3.1.6\rxjava-3.1.6.jar;C:\Users\TRINH\.m2\repository\org\reactivestreams\reactive-streams\1.0.4\reactive-streams-1.0.4.jar;C:\Users\TRINH\.m2\repository\org\freemarker\freemarker\2.3.32\freemarker-2.3.32.jar;C:\Users\TRINH\.m2\repository\com\google\code\gson\gson\2.10.1\gson-2.10.1.jar;C:\Users\TRINH\.m2\repository\io\qameta\allure\allure-testng\2.29.1\allure-testng-2.29.1.jar;C:\Users\TRINH\.m2\repository\io\qameta\allure\allure-java-commons\2.29.1\allure-java-commons-2.29.1.jar;C:\Users\TRINH\.m2\repository\io\qameta\allure\allure-model\2.29.1\allure-model-2.29.1.jar;C:\Users\TRINH\.m2\repository\io\qameta\allure\allure-test-filter\2.29.1\allure-test-filter-2.29.1.jar;C:\Users\TRINH\.m2\repository\io\qameta\allure\allure-attachments\2.29.1\allure-attachments-2.29.1.jar;C:\Users\TRINH\.m2\repository\org\aspectj\aspectjweaver\1.9.24\aspectjweaver-1.9.24.jar;C:\Users\TRINH\.m2\repository\org\projectlombok\lombok\1.18.38\lombok-1.18.38.jar
Launcher Type: SUN_STANDARD

[Global flags]
     intx CICompilerCount                          = 4                                         {product} {ergonomic}
     uint ConcGCThreads                            = 2                                         {product} {ergonomic}
     uint G1ConcRefinementThreads                  = 8                                         {product} {ergonomic}
   size_t G1HeapRegionSize                         = 4194304                                   {product} {ergonomic}
   size_t InitialHeapSize                          = 398458880                                 {product} {ergonomic}
   size_t MarkStackSize                            = 4194304                                   {product} {ergonomic}
   size_t MarkStackSizeMax                         = 536870912                                 {product} {ergonomic}
   size_t MaxHeapSize                              = 6371147776                                {product} {ergonomic}
   size_t MaxNewSize                               = 3821010944                                {product} {ergonomic}
   size_t MinHeapDeltaBytes                        = 4194304                                   {product} {ergonomic}
   size_t MinHeapSize                              = 8388608                                   {product} {ergonomic}
    uintx NonNMethodCodeHeapSize                   = 5832704                                {pd product} {ergonomic}
    uintx NonProfiledCodeHeapSize                  = 122945536                              {pd product} {ergonomic}
    uintx ProfiledCodeHeapSize                     = 122880000                              {pd product} {ergonomic}
    uintx ReservedCodeCacheSize                    = 251658240                              {pd product} {ergonomic}
     bool SegmentedCodeCache                       = true                                      {product} {ergonomic}
   size_t SoftMaxHeapSize                          = 6371147776                             {manageable} {ergonomic}
     bool UseCompressedOops                        = true                           {product lp64_product} {ergonomic}
     bool UseG1GC                                  = true                                      {product} {ergonomic}
     bool UseLargePagesIndividualAllocation        = false                                  {pd product} {ergonomic}

Logging:
Log output configuration:
 #0: stdout all=warning uptime,level,tags foldmultilines=false
 #1: stderr all=off uptime,level,tags foldmultilines=false

Environment Variables:
JAVA_HOME=C:\Program Files\Java\jdk-21
PATH=C:\Program Files\Common Files\Oracle\Java\javapath;C:\Program Files\Microsoft MPI\Bin\;C:\Windows\system32;C:\Windows;C:\Windows\System32\Wbem;C:\Windows\System32\WindowsPowerShell\v1.0\;C:\Windows\System32\OpenSSH\;C:\Program Files\NVIDIA Corporation\NVIDIA NvDLISR;C:\WINDOWS\system32;C:\WINDOWS;C:\WINDOWS\System32\Wbem;C:\WINDOWS\System32\WindowsPowerShell\v1.0\;C:\WINDOWS\System32\OpenSSH\;C:\Program Files\dotnet\;C:\Program Files\Java\jdk-21\bin;C:\Program Files\Git\cmd;C:\Program Files (x86)\Microsoft SQL Server\160\Tools\Binn\;C:\Program Files\Microsoft SQL Server\160\Tools\Binn\;C:\Program Files\Microsoft SQL Server\Client SDK\ODBC\170\Tools\Binn\;C:\Program Files\Microsoft SQL Server\160\DTS\Binn\;C:\Program Files (x86)\Microsoft SQL Server\160\DTS\Binn\;C:\Program Files\nodejs\;C:\Program Files\Docker\Docker\resources\bin;C:\Program Files\MySQL\MySQL Server 8.0\bin;C:\Program Files\Java\jdk-21\bin;";C:\Users\TRINH\AppData\Local\Android\Sdk\platform-tools;C:\Users\TRINH\AppData\Local\Android\Sdk\tools;C:\Users\TRINH\AppData\Local\Android\Sdk\tools\bin";C:\Users\TRINH\AppData\Local\Android\Sdk\platform-tools;C:\Program Files\Cloudflare\Cloudflare WARP\;C:\Users\TRINH\AppData\Local\Programs\Python\Python311\Scripts\;C:\Users\TRINH\AppData\Local\Programs\Python\Python311\;C:\Users\TRINH\AppData\Local\Microsoft\WindowsApps;C:\Users\TRINH\AppData\Local\Programs\Microsoft VS Code\bin;C:\Users\TRINH\AppData\Roaming\npm;C:\msys64\ucrt64\bin;C:\mingw64\bin;C:\Users\TRINH\AppData\Local\JetBrains\Toolbox\scripts;C:\Users\TRINH\AppData\Local\Microsoft\WindowsApps;C:\Users\TRINH\AppData\Local\Programs\cursor\resources\app\bin;C:\Users\TRINH\AppData\Local\Microsoft\WinGet\Packages\Gyan.FFmpeg_Microsoft.Winget.Source_8wekyb3d8bbwe\ffmpeg-7.1.1-full_build\bin;C:\Users\TRINH\AppData\Local\GitHubDesktop\bin
USERNAME=TRINH
OS=Windows_NT
PROCESSOR_IDENTIFIER=Intel64 Family 6 Model 140 Stepping 1, GenuineIntel
TMP=C:\Users\TRINH\AppData\Local\Temp
TEMP=C:\Users\TRINH\AppData\Local\Temp




Periodic native trim disabled

---------------  S Y S T E M  ---------------

OS:
 Windows 11 , 64 bit Build 26100 (10.0.26100.4768)
OS uptime: 0 days 12:08 hours
Hyper-V role detected

CPU: total 8 (initial active 8) (4 cores per cpu, 2 threads per core) family 6 model 140 stepping 1 microcode 0xbc, cx8, cmov, fxsr, ht, mmx, 3dnowpref, sse, sse2, sse3, ssse3, sse4.1, sse4.2, popcnt, lzcnt, tsc, tscinvbit, avx, avx2, aes, erms, clmul, bmi1, bmi2, adx, avx512f, avx512dq, avx512cd, avx512bw, avx512vl, sha, fma, vzeroupper, avx512_vpopcntdq, avx512_vpclmulqdq, avx512_vaes, avx512_vnni, clflush, clflushopt, clwb, avx512_vbmi2, avx512_vbmi, hv, rdtscp, rdpid, fsrm, gfni, avx512_bitalg, f16c, cet_ibt, cet_ss, avx512_ifma
Processor Information for the first 8 processors :
  Max Mhz: 2803, Current Mhz: 2803, Mhz Limit: 2803

Memory: 4k page, system-wide physical 24298M (2888M free)
TotalPageFile size 34173M (AvailPageFile size 147M)
current process WorkingSet (physical memory assigned to process): 262M, peak: 301M
current process commit charge ("private bytes"): 306M, peak: 562M

vm_info: Java HotSpot(TM) 64-Bit Server VM (24.0.2+12-54) for windows-amd64 JRE (24.0.2+12-54), built on 2025-07-08T12:10:27Z with MS VC++ 17.6 (VS2022)

END.
